--------------------------------------------------------------------------------
      name:  <unnamed>
       log:  /home/pauljohn/GIT/RHS/exercises/Ex-11.1-respiratory/Ex-11.1.log
  log type:  text
 opened on:  27 Apr 2016, 14:10:41

. 
. * use http://www.stata-press.com/data/mlmus3/respiratory, clear
. * saveold respiratory.dta12, version(12) replace
. use respiratory.dta12, clear

.  
. 
end of do-file

. do "/tmp/SD06103.000000"

. reshape long v, i(patient) j(visit)
(note: j = 1 2 3 4)

Data                               wide   ->   long
-----------------------------------------------------------------------------
Number of obs.                      111   ->     444
Number of variables                  10   ->       8
j variable (4 values)                     ->   visit
xij variables:
                           v1 v2 ... v4   ->   v
-----------------------------------------------------------------------------

. 
end of do-file

. do "/tmp/SD06103.000000"

. 
. glm v drug male age bl, family(ordinal)
incomplete specification of family() and link()
r(198);

end of do-file

r(198);

. do "/tmp/SD06103.000000"

. 
. glm v drug male age bl, family(ordinal) link(logit)
command ordinal is unrecognized
r(199);

end of do-file

r(199);

. do "/tmp/SD06103.000000"

. ologit v drug male age bl, family(ordinal) link(logit)
option family() not allowed
r(198);

end of do-file

r(198);

. do "/tmp/SD06103.000000"

. ologit v drug male age bl

Iteration 0:   log likelihood = -658.21202  
Iteration 1:   log likelihood = -587.33678  
Iteration 2:   log likelihood = -586.10063  
Iteration 3:   log likelihood = -586.09824  
Iteration 4:   log likelihood = -586.09824  

Ordered logistic regression                     Number of obs     =        444
                                                LR chi2(4)        =     144.23
                                                Prob > chi2       =     0.0000
Log likelihood = -586.09824                     Pseudo R2         =     0.1096

------------------------------------------------------------------------------
           v |      Coef.   Std. Err.      z    P>|z|     [95% Conf. Interval]
-------------+----------------------------------------------------------------
        drug |   1.232731   .1889745     6.52   0.000     .8623475    1.603114
        male |  -.3813207   .2345292    -1.63   0.104    -.8409893     .078348
         age |  -.0141021   .0068178    -2.07   0.039    -.0274648   -.0007394
          bl |   .9582776   .0969801     9.88   0.000     .7682002    1.148355
-------------+----------------------------------------------------------------
       /cut1 |  -.6927887   .4025638                     -1.481799    .0962219
       /cut2 |   .2006577    .392648                     -.5689182    .9702335
       /cut3 |   1.791436    .400908                       1.00567    2.577201
       /cut4 |   2.948922    .415764                       2.13404    3.763805
------------------------------------------------------------------------------

. 
end of do-file

. help ologit postestimation

. help ologit

. help ologit postestimation

. exit, clear
