--------------------------------------------------------------------------------
      name:  <unnamed>
       log:  /home/pauljohn/GIT/RHS/exercises/Ex-12.3-homeless/Ex-12.3.log
  log type:  text
 opened on:   3 May 2016, 13:30:59

. 
. * If you don't have data yet, run these 2 lines
. * use http://www.stata-press.com/data/mlmus3/homeless, clear
. * saveold homeless.dta12, version(12) replace
. use homeless.dta12, clear

. 
. * 1.
. xtset id time
       panel variable:  id (unbalanced)
        time variable:  time, 0 to 3, but with gaps
                delta:  1 unit

. xtdescribe

      id:  1, 2, ..., 362                                    n =        361
    time:  0, 1, ..., 3                                      T =          4
           Delta(time) = 1 unit
           Span(time)  = 4 periods
           (id*time uniquely identifies each observation)

Distribution of T_i:   min      5%     25%       50%       75%     95%     max
                         1       1       4         4         4       4       4

     Freq.  Percent    Cum. |  Pattern
 ---------------------------+---------
      271     75.07   75.07 |  1111
       23      6.37   81.44 |  1...
       19      5.26   86.70 |  111.
       17      4.71   91.41 |  11.1
       15      4.16   95.57 |  11..
       12      3.32   98.89 |  1.11
        3      0.83   99.72 |  1..1
        1      0.28  100.00 |  1.1.
 ---------------------------+---------
      361    100.00         |  XXXX

. 
. * Previous same as this:
. * xtdescribe, i(id) t(time)
. 
. * 2.
. 
. 
. * 3.
. * Make sure time is treated as integer, not float:
. recast int time , force

. recast int section8 , force

. label define Housing 1 "section8" 0 "notsection8" 

. label values section8 Housing

. 
. mlogit housing ib3.time##ib0.section8, base(0)

Iteration 0:   log likelihood = -1381.4444  
Iteration 1:   log likelihood = -1185.5927  
Iteration 2:   log likelihood = -1176.6544  
Iteration 3:   log likelihood = -1176.5228  
Iteration 4:   log likelihood = -1176.5228  

Multinomial logistic regression                 Number of obs     =      1,289
                                                LR chi2(14)       =     409.84
                                                Prob > chi2       =     0.0000
Log likelihood = -1176.5228                     Pseudo R2         =     0.1483

-------------------------------------------------------------------------------
      housing |      Coef.   Std. Err.      z    P>|z|     [95% Conf. Interval]
--------------+----------------------------------------------------------------
0             |  (base outcome)
--------------+----------------------------------------------------------------
1             |
         time |
           0  |  -1.793579   .3116096    -5.76   0.000    -2.404323   -1.182836
           1  |  -.1678809   .3388113    -0.50   0.620    -.8319388    .4961771
           2  |   .5784189   .3992428     1.45   0.147    -.2040827    1.360921
              |
     section8 |
    section8  |   -.660203    .388737    -1.70   0.089    -1.422113    .1017074
              |
time#section8 |
  0#section8  |   1.089961   .4509359     2.42   0.016     .2061425    1.973779
  1#section8  |   .6274132   .5330022     1.18   0.239    -.4172519    1.672078
  2#section8  |  -1.026444   .5795809    -1.77   0.077    -2.162401    .1095141
              |
        _cons |   1.299283    .265908     4.89   0.000     .7781129    1.820453
--------------+----------------------------------------------------------------
2             |
         time |
           0  |  -2.881233   .3668523    -7.85   0.000     -3.60025   -2.162216
           1  |  -.9841133   .3627646    -2.71   0.007    -1.695119   -.2731079
           2  |   .0857495   .4119532     0.21   0.835    -.7216638    .8931629
              |
     section8 |
    section8  |   .4697879   .3664551     1.28   0.200    -.2484508    1.188027
              |
time#section8 |
  0#section8  |   .0670131   .4978779     0.13   0.893    -.9088097    1.042836
  1#section8  |   1.200894    .520102     2.31   0.021     .1815124    2.220275
  2#section8  |   .0244536   .5416391     0.05   0.964     -1.03714    1.086047
              |
        _cons |   1.220502   .2682331     4.55   0.000     .6947749    1.746229
-------------------------------------------------------------------------------

. 
. * Is better than manually creating indicators and interactions like this.
. * Note following turns time = 2 into t1
. tabulate time, gen(t)

       time |      Freq.     Percent        Cum.
------------+-----------------------------------
          0 |        361       28.01       28.01
          1 |        322       24.98       52.99
          2 |        303       23.51       76.49
          3 |        303       23.51      100.00
------------+-----------------------------------
      Total |      1,289      100.00

. generate t1_sec8 = t1*section8

. generate t2_sec8 = t2*section8

. generate t3_sec8 = t3*section8

. 
. mlogit housing section8 t1 t2 t3 t1_sec8 t2_sec8 t3_sec8, base(0)

Iteration 0:   log likelihood = -1381.4444  
Iteration 1:   log likelihood = -1185.5927  
Iteration 2:   log likelihood = -1176.6544  
Iteration 3:   log likelihood = -1176.5228  
Iteration 4:   log likelihood = -1176.5228  

Multinomial logistic regression                 Number of obs     =      1,289
                                                LR chi2(14)       =     409.84
                                                Prob > chi2       =     0.0000
Log likelihood = -1176.5228                     Pseudo R2         =     0.1483

------------------------------------------------------------------------------
     housing |      Coef.   Std. Err.      z    P>|z|     [95% Conf. Interval]
-------------+----------------------------------------------------------------
0            |  (base outcome)
-------------+----------------------------------------------------------------
1            |
    section8 |   -.660203    .388737    -1.70   0.089    -1.422113    .1017074
          t1 |  -1.793579   .3116096    -5.76   0.000    -2.404323   -1.182836
          t2 |  -.1678809   .3388113    -0.50   0.620    -.8319388    .4961771
          t3 |   .5784189   .3992428     1.45   0.147    -.2040827    1.360921
     t1_sec8 |   1.089961   .4509359     2.42   0.016     .2061425    1.973779
     t2_sec8 |   .6274132   .5330022     1.18   0.239    -.4172519    1.672078
     t3_sec8 |  -1.026444   .5795809    -1.77   0.077    -2.162401    .1095141
       _cons |   1.299283    .265908     4.89   0.000     .7781129    1.820453
-------------+----------------------------------------------------------------
2            |
    section8 |   .4697879   .3664551     1.28   0.200    -.2484508    1.188027
          t1 |  -2.881233   .3668523    -7.85   0.000     -3.60025   -2.162216
          t2 |  -.9841133   .3627646    -2.71   0.007    -1.695119   -.2731079
          t3 |   .0857495   .4119532     0.21   0.835    -.7216638    .8931629
     t1_sec8 |   .0670131   .4978779     0.13   0.893    -.9088097    1.042836
     t2_sec8 |   1.200894    .520102     2.31   0.021     .1815124    2.220275
     t3_sec8 |   .0244536   .5416391     0.05   0.964     -1.03714    1.086047
       _cons |   1.220502   .2682331     4.55   0.000     .6947749    1.746229
------------------------------------------------------------------------------

. 
. 
. 
. * 4. Start over with clear data
. clear all

. use homeless.dta12, clear

. recast int time , force

. recast int section8 , force

. label define Housing 1 "section8" 0 "notsection8" 

. label values section8 Housing

. 
. tabulate time, gen(t)

       time |      Freq.     Percent        Cum.
------------+-----------------------------------
          0 |        361       28.01       28.01
          1 |        322       24.98       52.99
          2 |        303       23.51       76.49
          3 |        303       23.51      100.00
------------+-----------------------------------
      Total |      1,289      100.00

. generate t1_sec8 = t1*section8

. generate t2_sec8 = t2*section8

. generate t3_sec8 = t3*section8

. 
. * Create integer to index rows
. generate obs = _n

. 
. expand 3
(2,578 observations created)

. * Some fancy recoding and re-indexing here
. by obs, sort: generate alt = _n-1

. generate choice = housing==alt

. 
. * Creates dummies for values of alt:
. label define altlab 0 "unknown" 1 "comm" 2 "indep" 

. label values alt altlab

. 
. tabulate alt, generate(a)

        alt |      Freq.     Percent        Cum.
------------+-----------------------------------
    unknown |      1,289       33.33       33.33
       comm |      1,289       33.33       66.67
      indep |      1,289       33.33      100.00
------------+-----------------------------------
      Total |      3,867      100.00

. * Has bad property that value 0 becomes a1, ... value 2 becomes a3
. rename a2 comm

. rename a3 indep

. 
. foreach var of varlist section8 t1 t2 t3 t1_sec8 t2_sec8 t3_sec8 {
  2.     gen comm_`var' = comm*`var'
  3.     gen indep_`var' = indep*`var'
  4. }

. 
. 
. gllamm alt comm_* comm indep_* indep, i(id) link(mlogit) ///
>    exp(obs choice o) noconstant init
 
number of level 1 units = 3867
 
Condition Number = 31.723185
 
gllamm model 
 
log likelihood = -1176.5228
 
-------------------------------------------------------------------------------
          alt |      Coef.   Std. Err.      z    P>|z|     [95% Conf. Interval]
--------------+----------------------------------------------------------------
comm_section8 |  -.6602027   .3887362    -1.70   0.089    -1.422112    .1017062
      comm_t1 |   -1.79358   .3116091    -5.76   0.000    -2.404322   -1.182837
      comm_t2 |   -.167881   .3388107    -0.50   0.620    -.8319379    .4961758
      comm_t3 |   .5784171   .3992422     1.45   0.147    -.2040832    1.360917
 comm_t1_sec8 |    1.08996   .4509351     2.42   0.016     .2061437    1.973777
 comm_t2_sec8 |   .6274123   .5330011     1.18   0.239    -.4172507    1.672075
 comm_t3_sec8 |  -1.026443   .5795801    -1.77   0.077    -2.162399    .1095137
         comm |   1.299283   .2659076     4.89   0.000      .778114    1.820453
indep_secti~8 |    .469788   .3664545     1.28   0.200    -.2484496    1.188026
     indep_t1 |  -2.881234   .3668524    -7.85   0.000    -3.600251   -2.162216
     indep_t2 |  -.9841138    .362764    -2.71   0.007    -1.695118   -.2731093
     indep_t3 |   .0857473   .4119524     0.21   0.835    -.7216645    .8931591
indep_t1_sec8 |   .0670126   .4978781     0.13   0.893    -.9088106    1.042836
indep_t2_sec8 |   1.200893    .520101     2.31   0.021     .1815139    2.220273
indep_t3_sec8 |   .0244555   .5416381     0.05   0.964    -1.037136    1.086047
        indep |   1.220503   .2682327     4.55   0.000     .6947761    1.746229
-------------------------------------------------------------------------------
 

. 
. 
. * 5.
. 
. eq co: comm

. eq in: indep

. 
. gllamm alt comm_* comm indep_* indep, i(id) nrf(2) eqs(co in) ///
>   link(mlogit) exp(obs choice o) nip(5) noconstant trace
 
General model information
------------------------------------------------------------------------------

dependent variable:         alt
nominal responses:          mlogit
equation for fixed effects  comm_section8 comm_t1 comm_t2 comm_t3 comm_t1_sec8 c
> omm_t2_sec8 comm_t3_sec8 comm indep_section8 indep_t1 indep_t2 indep_t3 indep_
> t1_sec8 indep_t2_sec8 indep_t3_sec8 indep
  
Random effects information for 2 level model
------------------------------------------------------------------------------

 
 
***level 2 (id) equation(s):
   (2 random effect(s))
  
 
   diagonal element of cholesky decomp. of covariance matrix
   id1_1 : comm
 
   diagonal element of cholesky decomp. of covariance matrix
   id1_2 : indep
 
   off-diagonal elements
   id1_2_1: _cons
 
number of level 1 units = 3867
number of level 2 units = 361
 
Initial values for fixed effects
 
(using gllamm for inital values)

------------------------------------------------------------------------------
Iteration 0:
Coefficient vector:
               alt:            alt:            alt:            alt:
     comm_section8         comm_t1         comm_t2         comm_t3
r1               0               0               0               0

               alt:            alt:            alt:            alt:
      comm_t1_sec8    comm_t2_sec8    comm_t3_sec8            comm
r1               0               0               0               0

               alt:            alt:            alt:            alt:
    indep_section8        indep_t1        indep_t2        indep_t3
r1               0               0               0               0

               alt:            alt:            alt:            alt:
     indep_t1_sec8   indep_t2_sec8   indep_t3_sec8           indep
r1               0               0               0               0

                                                   log likelihood = -1416.1112
------------------------------------------------------------------------------
Iteration 1:
Coefficient vector:
               alt:            alt:            alt:            alt:
     comm_section8         comm_t1         comm_t2         comm_t3
r1       -.6674148       -1.640312        .1825344        .4845027

               alt:            alt:            alt:            alt:
      comm_t1_sec8    comm_t2_sec8    comm_t3_sec8            comm
r1        1.231567         .051047        -.732348        .9921627

               alt:            alt:            alt:            alt:
    indep_section8        indep_t1        indep_t2        indep_t3
r1        .7072387       -2.237657       -.7391724       -.1710814

               alt:            alt:            alt:            alt:
     indep_t1_sec8   indep_t2_sec8   indep_t3_sec8           indep
r1       -.2539957         .745295        .4096091        .8887516

                                                   log likelihood = -1184.8749
------------------------------------------------------------------------------
Iteration 2:
Coefficient vector:
               alt:            alt:            alt:            alt:
     comm_section8         comm_t1         comm_t2         comm_t3
r1       -.6271696       -1.755415       -.1426899        .5314482

               alt:            alt:            alt:            alt:
      comm_t1_sec8    comm_t2_sec8    comm_t3_sec8            comm
r1        1.046908        .5758035         -.97766        1.271952

               alt:            alt:            alt:            alt:
    indep_section8        indep_t1        indep_t2        indep_t3
r1        .4856114       -2.810853       -.9554964        .0540952

               alt:            alt:            alt:            alt:
     indep_t1_sec8   indep_t2_sec8   indep_t3_sec8           indep
r1         .025905        1.137049        .0664983         1.19418

                                                   log likelihood = -1176.6049
------------------------------------------------------------------------------
Iteration 3:
Coefficient vector:
               alt:            alt:            alt:            alt:
     comm_section8         comm_t1         comm_t2         comm_t3
r1       -.6598764       -1.793339       -.1676037        .5768784

               alt:            alt:            alt:            alt:
      comm_t1_sec8    comm_t2_sec8    comm_t3_sec8            comm
r1        1.089664        .6265867       -1.024936         1.29901

               alt:            alt:            alt:            alt:
    indep_section8        indep_t1        indep_t2        indep_t3
r1        .4700655       -2.880364         -.98383        .0841457

               alt:            alt:            alt:            alt:
     indep_t1_sec8   indep_t2_sec8   indep_t3_sec8           indep
r1        .0662604        1.200087        .0260562        1.220226

                                                   log likelihood = -1176.5228
------------------------------------------------------------------------------
Iteration 4:
Coefficient vector:
               alt:            alt:            alt:            alt:
     comm_section8         comm_t1         comm_t2         comm_t3
r1       -.6602027        -1.79358        -.167881        .5784171

               alt:            alt:            alt:            alt:
      comm_t1_sec8    comm_t2_sec8    comm_t3_sec8            comm
r1         1.08996        .6274123       -1.026443        1.299283

               alt:            alt:            alt:            alt:
    indep_section8        indep_t1        indep_t2        indep_t3
r1         .469788       -2.881234       -.9841138        .0857473

               alt:            alt:            alt:            alt:
     indep_t1_sec8   indep_t2_sec8   indep_t3_sec8           indep
r1        .0670126        1.200893        .0244555        1.220503

                                                   log likelihood = -1176.5228
------------------------------------------------------------------------------
-------------------------------------------------------------------------------
          alt |      Coef.   Std. Err.      z    P>|z|     [95% Conf. Interval]
--------------+----------------------------------------------------------------
comm_section8 |  -.6602027   .3887362    -1.70   0.089    -1.422112    .1017062
      comm_t1 |   -1.79358   .3116091    -5.76   0.000    -2.404322   -1.182837
      comm_t2 |   -.167881   .3388107    -0.50   0.620    -.8319379    .4961758
      comm_t3 |   .5784171   .3992422     1.45   0.147    -.2040832    1.360917
 comm_t1_sec8 |    1.08996   .4509351     2.42   0.016     .2061437    1.973777
 comm_t2_sec8 |   .6274123   .5330011     1.18   0.239    -.4172507    1.672075
 comm_t3_sec8 |  -1.026443   .5795801    -1.77   0.077    -2.162399    .1095137
         comm |   1.299283   .2659076     4.89   0.000      .778114    1.820453
indep_secti~8 |    .469788   .3664545     1.28   0.200    -.2484496    1.188026
     indep_t1 |  -2.881234   .3668524    -7.85   0.000    -3.600251   -2.162216
     indep_t2 |  -.9841138    .362764    -2.71   0.007    -1.695118   -.2731093
     indep_t3 |   .0857473   .4119524     0.21   0.835    -.7216645    .8931591
indep_t1_sec8 |   .0670126   .4978781     0.13   0.893    -.9088106    1.042836
indep_t2_sec8 |   1.200893    .520101     2.31   0.021     .1815139    2.220273
indep_t3_sec8 |   .0244555   .5416381     0.05   0.964    -1.037136    1.086047
        indep |   1.220503   .2682327     4.55   0.000     .6947761    1.746229
-------------------------------------------------------------------------------
------------------------------------------------------------------------------


start running on  3 May 2016 at 13:31:25

------------------------------------------------------------------------------
Iteration 0:
Coefficient vector:
               alt:            alt:            alt:            alt:
     comm_section8         comm_t1         comm_t2         comm_t3
r1       -.6602027        -1.79358        -.167881        .5784171

               alt:            alt:            alt:            alt:
      comm_t1_sec8    comm_t2_sec8    comm_t3_sec8            comm
r1         1.08996        .6274123       -1.026443        1.299283

               alt:            alt:            alt:            alt:
    indep_section8        indep_t1        indep_t2        indep_t3
r1         .469788       -2.881234       -.9841138        .0857473

               alt:            alt:            alt:            alt:
     indep_t1_sec8   indep_t2_sec8   indep_t3_sec8           indep
r1        .0670126        1.200893        .0244555        1.220503

             id1_1:          id1_2:        id1_2_1:
              comm           indep           _cons
r1              .5              .5               0

                                                   log likelihood = -1148.5151
                                                                 (not concave)
------------------------------------------------------------------------------
Iteration 1:
Coefficient vector:
               alt:            alt:            alt:            alt:
     comm_section8         comm_t1         comm_t2         comm_t3
r1       -.8100119       -1.794788        .1966777        .9894363

               alt:            alt:            alt:            alt:
      comm_t1_sec8    comm_t2_sec8    comm_t3_sec8            comm
r1        1.468479        .2956249       -1.635959        1.094747

               alt:            alt:            alt:            alt:
    indep_section8        indep_t1        indep_t2        indep_t3
r1        .6764283       -3.177481       -.9742449        .2750753

               alt:            alt:            alt:            alt:
     indep_t1_sec8   indep_t2_sec8   indep_t3_sec8           indep
r1       -.1021163        1.163564       -.0801702        .9630466

             id1_1:          id1_2:        id1_2_1:
              comm           indep           _cons
r1        1.017353         1.93455       -.2294436

                                                   log likelihood = -1117.5225
------------------------------------------------------------------------------
Iteration 2:
Coefficient vector:
               alt:            alt:            alt:            alt:
     comm_section8         comm_t1         comm_t2         comm_t3
r1       -.7713248       -2.351458       -.0221752        .8668986

               alt:            alt:            alt:            alt:
      comm_t1_sec8    comm_t2_sec8    comm_t3_sec8            comm
r1         1.34155        .6108224       -1.475598        1.715391

               alt:            alt:            alt:            alt:
    indep_section8        indep_t1        indep_t2        indep_t3
r1        .9581068       -3.823217       -1.196377        .1808626

               alt:            alt:            alt:            alt:
     indep_t1_sec8   indep_t2_sec8   indep_t3_sec8           indep
r1        .1542321        1.503338        -.124834        1.482883

             id1_1:          id1_2:        id1_2_1:
              comm           indep           _cons
r1        1.626295        1.301026        2.025244

                                                   log likelihood = -1100.3297
------------------------------------------------------------------------------
Iteration 3:
Coefficient vector:
               alt:            alt:            alt:            alt:
     comm_section8         comm_t1         comm_t2         comm_t3
r1       -.5657675       -2.558149       -.1690821        .7845632

               alt:            alt:            alt:            alt:
      comm_t1_sec8    comm_t2_sec8    comm_t3_sec8            comm
r1        1.174669        .7748414       -1.355693        1.902824

               alt:            alt:            alt:            alt:
    indep_section8        indep_t1        indep_t2        indep_t3
r1         1.00331        -4.17831       -1.355779        .1105364

               alt:            alt:            alt:            alt:
     indep_t1_sec8   indep_t2_sec8   indep_t3_sec8           indep
r1       -.1200156        1.689332        .0335287        1.708406

             id1_1:          id1_2:        id1_2_1:
              comm           indep           _cons
r1        1.657375         1.63978        1.584445

                                                   log likelihood = -1090.5563
------------------------------------------------------------------------------
Iteration 4:
Coefficient vector:
               alt:            alt:            alt:            alt:
     comm_section8         comm_t1         comm_t2         comm_t3
r1       -.4775907       -2.555497       -.2008286        .7586502

               alt:            alt:            alt:            alt:
      comm_t1_sec8    comm_t2_sec8    comm_t3_sec8            comm
r1        1.126166        .8119633       -1.325249        1.929333

               alt:            alt:            alt:            alt:
    indep_section8        indep_t1        indep_t2        indep_t3
r1        1.091725       -4.282082       -1.413675        .0889293

               alt:            alt:            alt:            alt:
     indep_t1_sec8   indep_t2_sec8   indep_t3_sec8           indep
r1       -.2336611        1.756131        .0809469        1.673922

             id1_1:          id1_2:        id1_2_1:
              comm           indep           _cons
r1        1.633382        1.677344        1.710018

                                                   log likelihood = -1090.0398
------------------------------------------------------------------------------
Iteration 5:
Coefficient vector:
               alt:            alt:            alt:            alt:
     comm_section8         comm_t1         comm_t2         comm_t3
r1       -.4796178       -2.555999       -.2005822        .7592064

               alt:            alt:            alt:            alt:
      comm_t1_sec8    comm_t2_sec8    comm_t3_sec8            comm
r1         1.12592        .8118416       -1.325591        1.926981

               alt:            alt:            alt:            alt:
    indep_section8        indep_t1        indep_t2        indep_t3
r1         1.09487       -4.287205       -1.416529        .0878767

               alt:            alt:            alt:            alt:
     indep_t1_sec8   indep_t2_sec8   indep_t3_sec8           indep
r1       -.2407207         1.75889        .0837431        1.668145

             id1_1:          id1_2:        id1_2_1:
              comm           indep           _cons
r1        1.636211        1.681208        1.715519

                                                   log likelihood = -1090.0378
------------------------------------------------------------------------------
Iteration 6:
Coefficient vector:
               alt:            alt:            alt:            alt:
     comm_section8         comm_t1         comm_t2         comm_t3
r1       -.4796141       -2.556019       -.2005858        .7592122

               alt:            alt:            alt:            alt:
      comm_t1_sec8    comm_t2_sec8    comm_t3_sec8            comm
r1         1.12592        .8118523       -1.325602         1.92699

               alt:            alt:            alt:            alt:
    indep_section8        indep_t1        indep_t2        indep_t3
r1        1.094887       -4.287244       -1.416541        .0878788

               alt:            alt:            alt:            alt:
     indep_t1_sec8   indep_t2_sec8   indep_t3_sec8           indep
r1       -.2407439        1.758909         .083742        1.668134

             id1_1:          id1_2:        id1_2_1:
              comm           indep           _cons
r1        1.636242        1.681224        1.715583

                                                   log likelihood = -1090.0378
------------------------------------------------------------------------------
finish running on  3 May 2016 at 13:37:21
  
 
number of level 1 units = 3867
number of level 2 units = 361
 
Condition Number = 23.869061
 
gllamm model 
 
log likelihood = -1090.0378
 
-------------------------------------------------------------------------------
          alt |      Coef.   Std. Err.      z    P>|z|     [95% Conf. Interval]
--------------+----------------------------------------------------------------
comm_section8 |  -.4796141   .5032384    -0.95   0.341    -1.465943     .506715
      comm_t1 |  -2.556019   .3999597    -6.39   0.000    -3.339926   -1.772112
      comm_t2 |  -.2005858   .4013014    -0.50   0.617    -.9871221    .5859505
      comm_t3 |   .7592122   .4618775     1.64   0.100     -.146051    1.664475
 comm_t1_sec8 |    1.12592   .5428775     2.07   0.038     .0618993     2.18994
 comm_t2_sec8 |   .8118523   .6193889     1.31   0.190    -.4021277    2.025832
 comm_t3_sec8 |  -1.325602   .6691315    -1.98   0.048    -2.637075   -.0141279
         comm |    1.92699   .3671997     5.25   0.000     1.207292    2.646689
indep_secti~8 |   1.094887   .5475455     2.00   0.046     .0217173    2.168056
     indep_t1 |  -4.287244   .4926439    -8.70   0.000    -5.252809    -3.32168
     indep_t2 |  -1.416541   .4552558    -3.11   0.002    -2.308826   -.5242566
     indep_t3 |   .0878788   .4996056     0.18   0.860    -.8913303    1.067088
indep_t1_sec8 |  -.2407439   .6441532    -0.37   0.709    -1.503261    1.021773
indep_t2_sec8 |   1.758909   .6505019     2.70   0.007      .483949     3.03387
indep_t3_sec8 |    .083742   .6735648     0.12   0.901    -1.236421    1.403905
        indep |   1.668134   .4065839     4.10   0.000     .8712441    2.465024
-------------------------------------------------------------------------------
 
 
Variances and covariances of random effects
------------------------------------------------------------------------------

 
***level 2 (id)
 
    var(1): 2.6772863 (.68037322)
    cov(2,1): 2.8071084 (.7297333) cor(2,1): .71422268
 
    var(2): 5.7697404 (1.0978161)
------------------------------------------------------------------------------

 

. 
end of do-file

. exit, clear
